<?xml version="1.0" encoding="UTF-8"?>
<testng-results skipped="0" failed="0" total="2" passed="2">
  <reporter-output>
  </reporter-output>
  <suite name="Default suite" duration-ms="4774" started-at="2019-01-05T18:12:39Z" finished-at="2019-01-05T18:12:43Z">
    <groups>
    </groups>
    <test name="Default test" duration-ms="4774" started-at="2019-01-05T18:12:39Z" finished-at="2019-01-05T18:12:43Z">
      <class name="tests.Regression">
        <test-method status="PASS" signature="setUpClass()[pri:0, instance:tests.Regression@13a57a3b]" name="setUpClass" is-config="true" duration-ms="850" started-at="2019-01-05T18:12:38Z" finished-at="2019-01-05T18:12:39Z">
        </test-method>
        <test-method status="PASS" signature="setUp()[pri:0, instance:tests.Regression@13a57a3b]" name="setUp" is-config="true" duration-ms="4249" started-at="2019-01-05T18:12:39Z" finished-at="2019-01-05T18:12:43Z">
        </test-method>
        <test-method status="PASS" signature="generateInvitation()[pri:0, instance:tests.Regression@13a57a3b]" name="generateInvitation" duration-ms="11" started-at="2019-01-05T18:12:43Z" finished-at="2019-01-05T18:12:43Z">
        </test-method>
        <test-method status="PASS" signature="prueba()[pri:0, instance:tests.Regression@13a57a3b]" name="prueba" duration-ms="1" started-at="2019-01-05T18:12:43Z" finished-at="2019-01-05T18:12:43Z">
        </test-method>
        <test-method status="PASS" signature="tearDown()[pri:0, instance:tests.Regression@13a57a3b]" name="tearDown" is-config="true" duration-ms="489" started-at="2019-01-05T18:12:43Z" finished-at="2019-01-05T18:12:43Z">
        </test-method>
        <test-method status="PASS" signature="tearDownClass()[pri:0, instance:tests.Regression@13a57a3b]" name="tearDownClass" is-config="true" duration-ms="1773" started-at="2019-01-05T18:12:43Z" finished-at="2019-01-05T18:12:45Z">
        </test-method>
      </class>
    </test>
  </suite>
</testng-results>
